[2022-03-25T12:06:19+00:00][error] name is requiredemail is requiredpassword is required
[2022-03-25T12:07:10+00:00][error] name is requiredemail is requiredpassword is required
[2022-03-25T12:14:33+00:00][error] name is requiredemail is requiredpassword is required
[2022-03-25T12:16:31+00:00][error] email already exists
[2022-03-25T12:16:31+00:00][error] 
[2022-03-25T12:17:16+00:00][error] email already exists
[2022-03-25T12:17:16+00:00][error] 
[2022-03-25T12:17:40+00:00][error] email already exists
[2022-03-25T12:17:40+00:00][error] 
[2022-03-25T12:18:20+00:00][error] email already exists
[2022-03-25T12:18:20+00:00][error] 
[2022-03-25T12:18:47+00:00][error] email already exists
[2022-03-25T12:18:52+00:00][error] email already exists
[2022-03-25T12:20:48+00:00][error] name is requiredemail is requiredpassword is required
[2022-03-25T12:21:28+00:00][error] name is requiredemail is requiredpassword is required
[2022-03-25T12:21:29+00:00][error] name is requiredemail is requiredpassword is required
[2022-03-25T12:21:30+00:00][error] name is requiredemail is requiredpassword is required
[2022-03-25T12:21:41+00:00][error] name is requiredemail is requiredpassword is required
[2022-03-25T12:22:10+00:00][error] name is required email is required password is required
[2022-03-25T12:22:25+00:00][error] name is required & email is required & password is required
